# JRE version: OpenJDK Runtime Environment (15.0.2+7) (build 15.0.2+7-27)
# Java VM: OpenJDK 64-Bit Server VM (15.0.2+7-27, mixed mode, tiered, compressed oops, g1 gc, windows-amd64)
GC Precious Log:
 CPUs: 8 total, 8 available
 Memory: 7963M
 Large Page Support: Disabled
 NUMA Support: Disabled
 Compressed Oops: Enabled (32-bit)
 Heap Region Size: 1M
 Heap Min Capacity: 8M
 Heap Initial Capacity: 126M
 Heap Max Capacity: 1992M
 Pre-touch: Disabled
 Parallel Workers: 8
 Concurrent Workers: 2
 Concurrent Refinement Workers: 8
 Periodic GC: Disabled
Heap:
 garbage-first heap   total 79872K, used 20427K [0x0000000083800000, 0x0000000100000000)
  region size 1024K, 14 young (14336K), 2 survivors (2048K)
 Metaspace       used 27831K, capacity 28093K, committed 28336K, reserved 1075200K
  class space    used 2969K, capacity 3062K, committed 3072K, reserved 1048576K
GC Heap History (12 events):
Event: 0.967 GC heap before
{Heap before GC invocations=0 (full 0):
 garbage-first heap   total 129024K, used 22528K [0x0000000083800000, 0x0000000100000000)
  region size 1024K, 23 young (23552K), 0 survivors (0K)
 Metaspace       used 12941K, capacity 13111K, committed 13312K, reserved 1060864K
  class space    used 1217K, capacity 1256K, committed 1280K, reserved 1048576K
}
Event: 0.973 GC heap after
{Heap after GC invocations=1 (full 0):
 garbage-first heap   total 129024K, used 4208K [0x0000000083800000, 0x0000000100000000)
  region size 1024K, 3 young (3072K), 3 survivors (3072K)
 Metaspace       used 12941K, capacity 13111K, committed 13312K, reserved 1060864K
  class space    used 1217K, capacity 1256K, committed 1280K, reserved 1048576K
}
Event: 1.389 GC heap before
{Heap before GC invocations=1 (full 0):
 garbage-first heap   total 129024K, used 34928K [0x0000000083800000, 0x0000000100000000)
  region size 1024K, 33 young (33792K), 3 survivors (3072K)
 Metaspace       used 17059K, capacity 17218K, committed 17280K, reserved 1064960K
  class space    used 1601K, capacity 1663K, committed 1664K, reserved 1048576K
}
Event: 1.394 GC heap after
{Heap after GC invocations=2 (full 0):
 garbage-first heap   total 129024K, used 5932K [0x0000000083800000, 0x0000000100000000)
  region size 1024K, 2 young (2048K), 2 survivors (2048K)
 Metaspace       used 17059K, capacity 17218K, committed 17280K, reserved 1064960K
  class space    used 1601K, capacity 1663K, committed 1664K, reserved 1048576K
}
Event: 1.888 GC heap before
{Heap before GC invocations=2 (full 0):
 garbage-first heap   total 129024K, used 45868K [0x0000000083800000, 0x0000000100000000)
  region size 1024K, 42 young (43008K), 2 survivors (2048K)
 Metaspace       used 20930K, capacity 21157K, committed 21296K, reserved 1069056K
  class space    used 2118K, capacity 2163K, committed 2176K, reserved 1048576K
}
Event: 1.891 GC heap after
{Heap after GC invocations=3 (full 0):
 garbage-first heap   total 129024K, used 6646K [0x0000000083800000, 0x0000000100000000)
  region size 1024K, 3 young (3072K), 3 survivors (3072K)
 Metaspace       used 20930K, capacity 21157K, committed 21296K, reserved 1069056K
  class space    used 2118K, capacity 2163K, committed 2176K, reserved 1048576K
}
Event: 2.057 GC heap before
{Heap before GC invocations=4 (full 0):
 garbage-first heap   total 30720K, used 22006K [0x0000000083800000, 0x0000000100000000)
  region size 1024K, 18 young (18432K), 3 survivors (3072K)
 Metaspace       used 22458K, capacity 22759K, committed 23088K, reserved 1071104K
  class space    used 2311K, capacity 2396K, committed 2432K, reserved 1048576K
}
Event: 2.062 GC heap after
{Heap after GC invocations=5 (full 0):
 garbage-first heap   total 30720K, used 7816K [0x0000000083800000, 0x0000000100000000)
  region size 1024K, 3 young (3072K), 3 survivors (3072K)
 Metaspace       used 22458K, capacity 22759K, committed 23088K, reserved 1071104K
  class space    used 2311K, capacity 2396K, committed 2432K, reserved 1048576K
}
Event: 2.296 GC heap before
{Heap before GC invocations=5 (full 0):
 garbage-first heap   total 30720K, used 22152K [0x0000000083800000, 0x0000000100000000)
  region size 1024K, 17 young (17408K), 3 survivors (3072K)
 Metaspace       used 24430K, capacity 24704K, committed 24880K, reserved 1071104K
  class space    used 2573K, capacity 2659K, committed 2688K, reserved 1048576K
}
Event: 2.301 GC heap after
{Heap after GC invocations=6 (full 0):
 garbage-first heap   total 30720K, used 8507K [0x0000000083800000, 0x0000000100000000)
  region size 1024K, 2 young (2048K), 2 survivors (2048K)
 Metaspace       used 24430K, capacity 24704K, committed 24880K, reserved 1071104K
  class space    used 2573K, capacity 2659K, committed 2688K, reserved 1048576K
}
Event: 2.453 GC heap before
{Heap before GC invocations=6 (full 0):
 garbage-first heap   total 30720K, used 21819K [0x0000000083800000, 0x0000000100000000)
  region size 1024K, 16 young (16384K), 2 survivors (2048K)
 Metaspace       used 26009K, capacity 26215K, committed 26416K, reserved 1073152K
  class space    used 2784K, capacity 2885K, committed 2944K, reserved 1048576K
}
Event: 2.456 GC heap after
{Heap after GC invocations=7 (full 0):
 garbage-first heap   total 79872K, used 9163K [0x0000000083800000, 0x0000000100000000)
  region size 1024K, 2 young (2048K), 2 survivors (2048K)
 Metaspace       used 26009K, capacity 26215K, committed 26416K, reserved 1073152K
  class space    used 2784K, capacity 2885K, committed 2944K, reserved 1048576K
}

